<?xml version="1.0" encoding="UTF-8"?>
<testng-results skipped="0" failed="0" ignored="0" total="1" passed="1">
  <reporter-output>
  </reporter-output>
  <suite name="BDD Test Suite" duration-ms="30461" started-at="2020-01-07T04:12:23Z" finished-at="2020-01-07T04:12:54Z">
    <groups>
      <group name="cucumber">
        <method signature="TestRunner.feature(cucumber.api.testng.CucumberFeatureWrapper)[pri:0, instance:runner.TestRunner@7f560810]" name="feature" class="runner.TestRunner"/>
      </group> <!-- cucumber -->
    </groups>
    <test name="Midterm Project" duration-ms="30461" started-at="2020-01-07T04:12:23Z" finished-at="2020-01-07T04:12:54Z">
      <class name="runner.TestRunner">
        <test-method status="PASS" signature="setUpCucumber()[pri:0, instance:runner.TestRunner@7f560810]" name="setUpCucumber" is-config="true" duration-ms="261" started-at="2020-01-07T04:12:23Z" finished-at="2020-01-07T04:12:23Z">
          <reporter-output>
          </reporter-output>
        </test-method> <!-- setUpCucumber -->
        <test-method status="PASS" signature="setUpClass(java.lang.String, java.lang.String, java.lang.String)[pri:0, instance:runner.TestRunner@7f560810]" name="setUpClass" is-config="true" duration-ms="7521" started-at="2020-01-07T04:12:23Z" finished-at="2020-01-07T04:12:31Z">
          <params>
            <param index="0">
              <value>
                <![CDATA[firefox]]>
              </value>
            </param>
            <param index="1">
              <value>
                <![CDATA[latest]]>
              </value>
            </param>
            <param index="2">
              <value>
                <![CDATA[mac]]>
              </value>
            </param>
          </params>
          <reporter-output>
          </reporter-output>
        </test-method> <!-- setUpClass -->
        <test-method status="PASS" signature="feature(cucumber.api.testng.CucumberFeatureWrapper)[pri:0, instance:runner.TestRunner@7f560810]" name="feature" duration-ms="16755" started-at="2020-01-07T04:12:31Z" description="Runs Cucumber Feature" data-provider="features" finished-at="2020-01-07T04:12:48Z">
          <params>
            <param index="0">
              <value>
                <![CDATA[Login banking page]]>
              </value>
            </param>
          </params>
          <reporter-output>
          </reporter-output>
        </test-method> <!-- feature -->
        <test-method status="PASS" signature="tearDownClass()[pri:0, instance:runner.TestRunner@7f560810]" name="tearDownClass" is-config="true" duration-ms="5765" started-at="2020-01-07T04:12:48Z" finished-at="2020-01-07T04:12:54Z">
          <reporter-output>
          </reporter-output>
        </test-method> <!-- tearDownClass -->
      </class> <!-- runner.TestRunner -->
    </test> <!-- Midterm Project -->
  </suite> <!-- BDD Test Suite -->
</testng-results>
